<?xml version="1.0" encoding="UTF-8"?>
<!-- Generated by org.testng.reporters.JUnitReportReporter -->
<testsuite hostname="hp" failures="0" tests="1" name="testscipts.TC_01" time="34.226" errors="0" timestamp="2023-08-16T15:19:37 IST" skipped="0">
  <testcase classname="testscipts.TC_01" name="LoginTest" time="34.226"/>
</testsuite> <!-- testscipts.TC_01 -->
