<?xml version="1.0" encoding="UTF-8"?>
<!-- Generated by org.testng.reporters.JUnitReportReporter -->
<testsuite hostname="hp" failures="0" tests="1" name="SampleGettiltepage" time="53.237" errors="0" timestamp="2023-08-14T09:38:57 IST" skipped="0">
  <testcase classname="SampleGettiltepage" name="titlePage" time="53.237"/>
</testsuite> <!-- SampleGettiltepage -->
